<?xml version="1.0" encoding="UTF-8"?>
<!-- Generated by org.testng.reporters.JUnitXMLReporter -->
<testsuite ignored="0" hostname="DESKTOP-BJPAHFP" failures="0" tests="20" name="Default test" time="0.531" errors="0" timestamp="2025-03-13T21:20:32 IST">
  <testcase classname="automationcore.Base" name="@BeforeMethod initializeBrowser" time="-1.741881031706E9">
    <failure type="org.testng.TestNGException" message="
Parameter &amp;apos;browser&amp;apos; is required by BeforeMethod on method initializeBrowser but has not been marked @Optional or defined
in C:\Users\Hp\AppData\Local\Temp\testng-eclipse-1227452885\testng-customsuite.xml">
      <![CDATA[org.testng.TestNGException: 
Parameter 'browser' is required by BeforeMethod on method initializeBrowser but has not been marked @Optional or defined
in C:\Users\Hp\AppData\Local\Temp\testng-eclipse-1227452885\testng-customsuite.xml
at org.testng.internal.Parameters.createParams(Parameters.java:270)
at org.testng.internal.Parameters.createParametersForMethod(Parameters.java:358)
at org.testng.internal.Parameters.createParameters(Parameters.java:700)
at org.testng.internal.Parameters.createConfigurationParameters(Parameters.java:168)
at org.testng.internal.ConfigInvoker.invokeConfigurations(ConfigInvoker.java:302)
at org.testng.internal.TestInvoker.runConfigMethods(TestInvoker.java:700)
at org.testng.internal.TestInvoker.invokeMethod(TestInvoker.java:527)
at org.testng.internal.TestInvoker.invokeTestMethod(TestInvoker.java:173)
at org.testng.internal.MethodRunner.runInSequence(MethodRunner.java:46)
at org.testng.internal.TestInvoker$MethodInvocationAgent.invoke(TestInvoker.java:824)
at org.testng.internal.TestInvoker.invokeTestMethods(TestInvoker.java:146)
at org.testng.internal.TestMethodWorker.invokeTestMethods(TestMethodWorker.java:146)
at org.testng.internal.TestMethodWorker.run(TestMethodWorker.java:128)
at java.base/java.util.ArrayList.forEach(ArrayList.java:1511)
at org.testng.TestRunner.privateRun(TestRunner.java:794)
at org.testng.TestRunner.run(TestRunner.java:596)
at org.testng.SuiteRunner.runTest(SuiteRunner.java:377)
at org.testng.SuiteRunner.runSequentially(SuiteRunner.java:371)
at org.testng.SuiteRunner.privateRun(SuiteRunner.java:332)
at org.testng.SuiteRunner.run(SuiteRunner.java:276)
at org.testng.SuiteRunnerWorker.runSuite(SuiteRunnerWorker.java:53)
at org.testng.SuiteRunnerWorker.run(SuiteRunnerWorker.java:96)
at org.testng.TestNG.runSuitesSequentially(TestNG.java:1212)
at org.testng.TestNG.runSuitesLocally(TestNG.java:1134)
at org.testng.TestNG.runSuites(TestNG.java:1063)
at org.testng.TestNG.run(TestNG.java:1031)
at org.testng.remote.AbstractRemoteTestNG.run(AbstractRemoteTestNG.java:115)
at org.testng.remote.RemoteTestNG.initAndRun(RemoteTestNG.java:293)
at org.testng.remote.RemoteTestNG.main(RemoteTestNG.java:91)
]]>
    </failure>
  </testcase> <!-- @BeforeMethod initializeBrowser -->
  <testcase classname="automationcore.Base" name="@AfterMethod driverquit" time="-1.741881031738E9">
    <skipped/>
  </testcase> <!-- @AfterMethod driverquit -->
  <testcase classname="automationcore.Base" name="@BeforeMethod initializeBrowser" time="-1.741881031747E9">
    <skipped/>
  </testcase> <!-- @BeforeMethod initializeBrowser -->
  <testcase classname="automationcore.Base" name="@AfterMethod driverquit" time="-1.741881031766E9">
    <skipped/>
  </testcase> <!-- @AfterMethod driverquit -->
  <testcase classname="automationcore.Base" name="@BeforeMethod initializeBrowser" time="-1.741881031776E9">
    <skipped/>
  </testcase> <!-- @BeforeMethod initializeBrowser -->
  <testcase classname="automationcore.Base" name="@AfterMethod driverquit" time="-1.741881031816E9">
    <skipped/>
  </testcase> <!-- @AfterMethod driverquit -->
  <testcase classname="automationcore.Base" name="@BeforeMethod initializeBrowser" time="-1.741881031824E9">
    <skipped/>
  </testcase> <!-- @BeforeMethod initializeBrowser -->
  <testcase classname="automationcore.Base" name="@AfterMethod driverquit" time="-1.741881031837E9">
    <skipped/>
  </testcase> <!-- @AfterMethod driverquit -->
  <testcase classname="automationcore.Base" name="@BeforeMethod initializeBrowser" time="-1.741881031849E9">
    <failure type="org.testng.TestNGException" message="
Parameter &amp;apos;browser&amp;apos; is required by BeforeMethod on method initializeBrowser but has not been marked @Optional or defined
in C:\Users\Hp\AppData\Local\Temp\testng-eclipse-1227452885\testng-customsuite.xml">
      <![CDATA[org.testng.TestNGException: 
Parameter 'browser' is required by BeforeMethod on method initializeBrowser but has not been marked @Optional or defined
in C:\Users\Hp\AppData\Local\Temp\testng-eclipse-1227452885\testng-customsuite.xml
at org.testng.internal.Parameters.createParams(Parameters.java:270)
at org.testng.internal.Parameters.createParametersForMethod(Parameters.java:358)
at org.testng.internal.Parameters.createParameters(Parameters.java:700)
at org.testng.internal.Parameters.createConfigurationParameters(Parameters.java:168)
at org.testng.internal.ConfigInvoker.invokeConfigurations(ConfigInvoker.java:302)
at org.testng.internal.TestInvoker.runConfigMethods(TestInvoker.java:700)
at org.testng.internal.TestInvoker.invokeMethod(TestInvoker.java:527)
at org.testng.internal.TestInvoker.invokeTestMethod(TestInvoker.java:173)
at org.testng.internal.MethodRunner.runInSequence(MethodRunner.java:46)
at org.testng.internal.TestInvoker$MethodInvocationAgent.invoke(TestInvoker.java:824)
at org.testng.internal.TestInvoker.invokeTestMethods(TestInvoker.java:146)
at org.testng.internal.TestMethodWorker.invokeTestMethods(TestMethodWorker.java:146)
at org.testng.internal.TestMethodWorker.run(TestMethodWorker.java:128)
at java.base/java.util.ArrayList.forEach(ArrayList.java:1511)
at org.testng.TestRunner.privateRun(TestRunner.java:794)
at org.testng.TestRunner.run(TestRunner.java:596)
at org.testng.SuiteRunner.runTest(SuiteRunner.java:377)
at org.testng.SuiteRunner.runSequentially(SuiteRunner.java:371)
at org.testng.SuiteRunner.privateRun(SuiteRunner.java:332)
at org.testng.SuiteRunner.run(SuiteRunner.java:276)
at org.testng.SuiteRunnerWorker.runSuite(SuiteRunnerWorker.java:53)
at org.testng.SuiteRunnerWorker.run(SuiteRunnerWorker.java:96)
at org.testng.TestNG.runSuitesSequentially(TestNG.java:1212)
at org.testng.TestNG.runSuitesLocally(TestNG.java:1134)
at org.testng.TestNG.runSuites(TestNG.java:1063)
at org.testng.TestNG.run(TestNG.java:1031)
at org.testng.remote.AbstractRemoteTestNG.run(AbstractRemoteTestNG.java:115)
at org.testng.remote.RemoteTestNG.initAndRun(RemoteTestNG.java:293)
at org.testng.remote.RemoteTestNG.main(RemoteTestNG.java:91)
]]>
    </failure>
  </testcase> <!-- @BeforeMethod initializeBrowser -->
  <testcase classname="automationcore.Base" name="@AfterMethod driverquit" time="-1.741881031859E9">
    <skipped/>
  </testcase> <!-- @AfterMethod driverquit -->
  <testcase classname="automationcore.Base" name="@BeforeMethod initializeBrowser" time="-1.741881031861E9">
    <failure type="org.testng.TestNGException" message="
Parameter &amp;apos;browser&amp;apos; is required by BeforeMethod on method initializeBrowser but has not been marked @Optional or defined
in C:\Users\Hp\AppData\Local\Temp\testng-eclipse-1227452885\testng-customsuite.xml">
      <![CDATA[org.testng.TestNGException: 
Parameter 'browser' is required by BeforeMethod on method initializeBrowser but has not been marked @Optional or defined
in C:\Users\Hp\AppData\Local\Temp\testng-eclipse-1227452885\testng-customsuite.xml
at org.testng.internal.Parameters.createParams(Parameters.java:270)
at org.testng.internal.Parameters.createParametersForMethod(Parameters.java:358)
at org.testng.internal.Parameters.createParameters(Parameters.java:700)
at org.testng.internal.Parameters.createConfigurationParameters(Parameters.java:168)
at org.testng.internal.ConfigInvoker.invokeConfigurations(ConfigInvoker.java:302)
at org.testng.internal.TestInvoker.runConfigMethods(TestInvoker.java:700)
at org.testng.internal.TestInvoker.invokeMethod(TestInvoker.java:527)
at org.testng.internal.TestInvoker.invokeTestMethod(TestInvoker.java:173)
at org.testng.internal.MethodRunner.runInSequence(MethodRunner.java:46)
at org.testng.internal.TestInvoker$MethodInvocationAgent.invoke(TestInvoker.java:824)
at org.testng.internal.TestInvoker.invokeTestMethods(TestInvoker.java:146)
at org.testng.internal.TestMethodWorker.invokeTestMethods(TestMethodWorker.java:146)
at org.testng.internal.TestMethodWorker.run(TestMethodWorker.java:128)
at java.base/java.util.ArrayList.forEach(ArrayList.java:1511)
at org.testng.TestRunner.privateRun(TestRunner.java:794)
at org.testng.TestRunner.run(TestRunner.java:596)
at org.testng.SuiteRunner.runTest(SuiteRunner.java:377)
at org.testng.SuiteRunner.runSequentially(SuiteRunner.java:371)
at org.testng.SuiteRunner.privateRun(SuiteRunner.java:332)
at org.testng.SuiteRunner.run(SuiteRunner.java:276)
at org.testng.SuiteRunnerWorker.runSuite(SuiteRunnerWorker.java:53)
at org.testng.SuiteRunnerWorker.run(SuiteRunnerWorker.java:96)
at org.testng.TestNG.runSuitesSequentially(TestNG.java:1212)
at org.testng.TestNG.runSuitesLocally(TestNG.java:1134)
at org.testng.TestNG.runSuites(TestNG.java:1063)
at org.testng.TestNG.run(TestNG.java:1031)
at org.testng.remote.AbstractRemoteTestNG.run(AbstractRemoteTestNG.java:115)
at org.testng.remote.RemoteTestNG.initAndRun(RemoteTestNG.java:293)
at org.testng.remote.RemoteTestNG.main(RemoteTestNG.java:91)
]]>
    </failure>
  </testcase> <!-- @BeforeMethod initializeBrowser -->
  <testcase classname="automationcore.Base" name="@AfterMethod driverquit" time="-1.741881031885E9">
    <skipped/>
  </testcase> <!-- @AfterMethod driverquit -->
  <testcase classname="automationcore.Base" name="@BeforeMethod initializeBrowser" time="-1.741881031893E9">
    <skipped/>
  </testcase> <!-- @BeforeMethod initializeBrowser -->
  <testcase classname="automationcore.Base" name="@AfterMethod driverquit" time="-1.741881031918E9">
    <skipped/>
  </testcase> <!-- @AfterMethod driverquit -->
  <testcase classname="automationcore.Base" name="@BeforeMethod initializeBrowser" time="-1.741881031926E9">
    <skipped/>
  </testcase> <!-- @BeforeMethod initializeBrowser -->
  <testcase classname="automationcore.Base" name="@AfterMethod driverquit" time="-1.741881031957E9">
    <skipped/>
  </testcase> <!-- @AfterMethod driverquit -->
  <testcase classname="automationcore.Base" name="@BeforeMethod initializeBrowser" time="-1.741881031968E9">
    <skipped/>
  </testcase> <!-- @BeforeMethod initializeBrowser -->
  <testcase classname="automationcore.Base" name="@AfterMethod driverquit" time="-1.741881031982E9">
    <skipped/>
  </testcase> <!-- @AfterMethod driverquit -->
  <testcase classname="automationcore.Base" name="@BeforeMethod initializeBrowser" time="-1.74188103199E9">
    <failure type="org.testng.TestNGException" message="
Parameter &amp;apos;browser&amp;apos; is required by BeforeMethod on method initializeBrowser but has not been marked @Optional or defined
in C:\Users\Hp\AppData\Local\Temp\testng-eclipse-1227452885\testng-customsuite.xml">
      <![CDATA[org.testng.TestNGException: 
Parameter 'browser' is required by BeforeMethod on method initializeBrowser but has not been marked @Optional or defined
in C:\Users\Hp\AppData\Local\Temp\testng-eclipse-1227452885\testng-customsuite.xml
at org.testng.internal.Parameters.createParams(Parameters.java:270)
at org.testng.internal.Parameters.createParametersForMethod(Parameters.java:358)
at org.testng.internal.Parameters.createParameters(Parameters.java:700)
at org.testng.internal.Parameters.createConfigurationParameters(Parameters.java:168)
at org.testng.internal.ConfigInvoker.invokeConfigurations(ConfigInvoker.java:302)
at org.testng.internal.TestInvoker.runConfigMethods(TestInvoker.java:700)
at org.testng.internal.TestInvoker.invokeMethod(TestInvoker.java:527)
at org.testng.internal.TestInvoker.invokeTestMethod(TestInvoker.java:173)
at org.testng.internal.MethodRunner.runInSequence(MethodRunner.java:46)
at org.testng.internal.TestInvoker$MethodInvocationAgent.invoke(TestInvoker.java:824)
at org.testng.internal.TestInvoker.invokeTestMethods(TestInvoker.java:146)
at org.testng.internal.TestMethodWorker.invokeTestMethods(TestMethodWorker.java:146)
at org.testng.internal.TestMethodWorker.run(TestMethodWorker.java:128)
at java.base/java.util.ArrayList.forEach(ArrayList.java:1511)
at org.testng.TestRunner.privateRun(TestRunner.java:794)
at org.testng.TestRunner.run(TestRunner.java:596)
at org.testng.SuiteRunner.runTest(SuiteRunner.java:377)
at org.testng.SuiteRunner.runSequentially(SuiteRunner.java:371)
at org.testng.SuiteRunner.privateRun(SuiteRunner.java:332)
at org.testng.SuiteRunner.run(SuiteRunner.java:276)
at org.testng.SuiteRunnerWorker.runSuite(SuiteRunnerWorker.java:53)
at org.testng.SuiteRunnerWorker.run(SuiteRunnerWorker.java:96)
at org.testng.TestNG.runSuitesSequentially(TestNG.java:1212)
at org.testng.TestNG.runSuitesLocally(TestNG.java:1134)
at org.testng.TestNG.runSuites(TestNG.java:1063)
at org.testng.TestNG.run(TestNG.java:1031)
at org.testng.remote.AbstractRemoteTestNG.run(AbstractRemoteTestNG.java:115)
at org.testng.remote.RemoteTestNG.initAndRun(RemoteTestNG.java:293)
at org.testng.remote.RemoteTestNG.main(RemoteTestNG.java:91)
]]>
    </failure>
  </testcase> <!-- @BeforeMethod initializeBrowser -->
  <testcase classname="automationcore.Base" name="@AfterMethod driverquit" time="-1.741881032006E9">
    <skipped/>
  </testcase> <!-- @AfterMethod driverquit -->
  <testcase classname="automationcore.Base" name="@BeforeMethod initializeBrowser" time="-1.74188103201E9">
    <skipped/>
  </testcase> <!-- @BeforeMethod initializeBrowser -->
  <testcase classname="automationcore.Base" name="@AfterMethod driverquit" time="-1.741881032022E9">
    <skipped/>
  </testcase> <!-- @AfterMethod driverquit -->
  <testcase classname="automationcore.Base" name="@BeforeMethod initializeBrowser" time="-1.741881032031E9">
    <skipped/>
  </testcase> <!-- @BeforeMethod initializeBrowser -->
  <testcase classname="automationcore.Base" name="@AfterMethod driverquit" time="-1.741881032041E9">
    <skipped/>
  </testcase> <!-- @AfterMethod driverquit -->
  <testcase classname="automationcore.Base" name="@BeforeMethod initializeBrowser" time="-1.741881032053E9">
    <skipped/>
  </testcase> <!-- @BeforeMethod initializeBrowser -->
  <testcase classname="automationcore.Base" name="@AfterMethod driverquit" time="-1.741881032074E9">
    <skipped/>
  </testcase> <!-- @AfterMethod driverquit -->
  <testcase classname="automationcore.Base" name="@BeforeMethod initializeBrowser" time="-1.741881032082E9">
    <failure type="org.testng.TestNGException" message="
Parameter &amp;apos;browser&amp;apos; is required by BeforeMethod on method initializeBrowser but has not been marked @Optional or defined
in C:\Users\Hp\AppData\Local\Temp\testng-eclipse-1227452885\testng-customsuite.xml">
      <![CDATA[org.testng.TestNGException: 
Parameter 'browser' is required by BeforeMethod on method initializeBrowser but has not been marked @Optional or defined
in C:\Users\Hp\AppData\Local\Temp\testng-eclipse-1227452885\testng-customsuite.xml
at org.testng.internal.Parameters.createParams(Parameters.java:270)
at org.testng.internal.Parameters.createParametersForMethod(Parameters.java:358)
at org.testng.internal.Parameters.createParameters(Parameters.java:700)
at org.testng.internal.Parameters.createConfigurationParameters(Parameters.java:168)
at org.testng.internal.ConfigInvoker.invokeConfigurations(ConfigInvoker.java:302)
at org.testng.internal.TestInvoker.runConfigMethods(TestInvoker.java:700)
at org.testng.internal.TestInvoker.invokeMethod(TestInvoker.java:527)
at org.testng.internal.TestInvoker.invokeTestMethod(TestInvoker.java:173)
at org.testng.internal.MethodRunner.runInSequence(MethodRunner.java:46)
at org.testng.internal.TestInvoker$MethodInvocationAgent.invoke(TestInvoker.java:824)
at org.testng.internal.TestInvoker.invokeTestMethods(TestInvoker.java:146)
at org.testng.internal.TestMethodWorker.invokeTestMethods(TestMethodWorker.java:146)
at org.testng.internal.TestMethodWorker.run(TestMethodWorker.java:128)
at java.base/java.util.ArrayList.forEach(ArrayList.java:1511)
at org.testng.TestRunner.privateRun(TestRunner.java:794)
at org.testng.TestRunner.run(TestRunner.java:596)
at org.testng.SuiteRunner.runTest(SuiteRunner.java:377)
at org.testng.SuiteRunner.runSequentially(SuiteRunner.java:371)
at org.testng.SuiteRunner.privateRun(SuiteRunner.java:332)
at org.testng.SuiteRunner.run(SuiteRunner.java:276)
at org.testng.SuiteRunnerWorker.runSuite(SuiteRunnerWorker.java:53)
at org.testng.SuiteRunnerWorker.run(SuiteRunnerWorker.java:96)
at org.testng.TestNG.runSuitesSequentially(TestNG.java:1212)
at org.testng.TestNG.runSuitesLocally(TestNG.java:1134)
at org.testng.TestNG.runSuites(TestNG.java:1063)
at org.testng.TestNG.run(TestNG.java:1031)
at org.testng.remote.AbstractRemoteTestNG.run(AbstractRemoteTestNG.java:115)
at org.testng.remote.RemoteTestNG.initAndRun(RemoteTestNG.java:293)
at org.testng.remote.RemoteTestNG.main(RemoteTestNG.java:91)
]]>
    </failure>
  </testcase> <!-- @BeforeMethod initializeBrowser -->
  <testcase classname="automationcore.Base" name="@AfterMethod driverquit" time="-1.741881032089E9">
    <skipped/>
  </testcase> <!-- @AfterMethod driverquit -->
  <testcase classname="automationcore.Base" name="@BeforeMethod initializeBrowser" time="-1.741881032107E9">
    <skipped/>
  </testcase> <!-- @BeforeMethod initializeBrowser -->
  <testcase classname="automationcore.Base" name="@AfterMethod driverquit" time="-1.74188103211E9">
    <skipped/>
  </testcase> <!-- @AfterMethod driverquit -->
  <testcase classname="automationcore.Base" name="@BeforeMethod initializeBrowser" time="-1.741881032112E9">
    <skipped/>
  </testcase> <!-- @BeforeMethod initializeBrowser -->
  <testcase classname="automationcore.Base" name="@AfterMethod driverquit" time="-1.741881032122E9">
    <skipped/>
  </testcase> <!-- @AfterMethod driverquit -->
  <testcase classname="automationcore.Base" name="@BeforeMethod initializeBrowser" time="-1.741881032125E9">
    <skipped/>
  </testcase> <!-- @BeforeMethod initializeBrowser -->
  <testcase classname="automationcore.Base" name="@AfterMethod driverquit" time="-1.741881032135E9">
    <skipped/>
  </testcase> <!-- @AfterMethod driverquit -->
  <testcase classname="automationcore.Base" name="@BeforeMethod initializeBrowser" time="-1.741881032136E9">
    <skipped/>
  </testcase> <!-- @BeforeMethod initializeBrowser -->
  <testcase classname="automationcore.Base" name="@AfterMethod driverquit" time="-1.74188103214E9">
    <skipped/>
  </testcase> <!-- @AfterMethod driverquit -->
  <testcase classname="automationcore.Base" name="@BeforeMethod initializeBrowser" time="-1.741881032142E9">
    <skipped/>
  </testcase> <!-- @BeforeMethod initializeBrowser -->
  <testcase classname="automationcore.Base" name="@AfterMethod driverquit" time="-1.741881032148E9">
    <skipped/>
  </testcase> <!-- @AfterMethod driverquit -->
  <testcase classname="automationcore.Base" name="@BeforeMethod initializeBrowser" time="-1.74188103215E9">
    <skipped/>
  </testcase> <!-- @BeforeMethod initializeBrowser -->
  <testcase classname="automationcore.Base" name="@AfterMethod driverquit" time="-1.741881032153E9">
    <skipped/>
  </testcase> <!-- @AfterMethod driverquit -->
  <testcase classname="testscripts.SubcategoryTest" name="verifyUserIsabletoAddNewSubcategoryTest" time="0.0">
    <skipped/>
  </testcase> <!-- verifyUserIsabletoAddNewSubcategoryTest -->
  <testcase classname="testscripts.SubcategoryTest" name="verifyUserIsabletoDeleteCategory" time="0.0">
    <skipped/>
  </testcase> <!-- verifyUserIsabletoDeleteCategory -->
  <testcase classname="testscripts.SubcategoryTest" name="verifyUserIsabletoSearchSubcategoryTest" time="0.0">
    <skipped/>
  </testcase> <!-- verifyUserIsabletoSearchSubcategoryTest -->
  <testcase classname="testscripts.SubcategoryTest" name="verifyUserIsabletoupdateTheSubCategoryDetails" time="0.0">
    <skipped/>
  </testcase> <!-- verifyUserIsabletoupdateTheSubCategoryDetails -->
  <testcase classname="testscripts.Managecontacttest" name="verifyUserIsAbletoUpdateTheContactDetailsInManage" time="0.0">
    <skipped/>
  </testcase> <!-- verifyUserIsAbletoUpdateTheContactDetailsInManage -->
  <testcase classname="testscripts.Categorytest" name="verifyUserIsabletOSearchCategoryUsingSearchoption" time="0.0">
    <skipped/>
  </testcase> <!-- verifyUserIsabletOSearchCategoryUsingSearchoption -->
  <testcase classname="testscripts.Categorytest" name="verifyUserIsabletOdeleteTheCategoryField" time="0.0">
    <skipped/>
  </testcase> <!-- verifyUserIsabletOdeleteTheCategoryField -->
  <testcase classname="testscripts.Categorytest" name="verifyUserIsabletOupdateTheCategoryField" time="0.0">
    <skipped/>
  </testcase> <!-- verifyUserIsabletOupdateTheCategoryField -->
  <testcase classname="testscripts.Categorytest" name="verifyUserIsabletocreateNewCategory" time="0.0">
    <skipped/>
  </testcase> <!-- verifyUserIsabletocreateNewCategory -->
  <testcase classname="testscripts.Adminusertest" name="verifyUserIsabletoclickDeleteButtonToDeleteTheAdminUser" time="0.0">
    <skipped/>
  </testcase> <!-- verifyUserIsabletoclickDeleteButtonToDeleteTheAdminUser -->
  <testcase classname="testscripts.Adminusertest" name="verifyUserIsabletocreateNewAdminUser" time="0.0">
    <skipped/>
  </testcase> <!-- verifyUserIsabletocreateNewAdminUser -->
  <testcase classname="testscripts.Adminusertest" name="verifyUserIsabletosearchAdminUser" time="0.0">
    <skipped/>
  </testcase> <!-- verifyUserIsabletosearchAdminUser -->
  <testcase classname="testscripts.Adminusertest" name="verifyUserIsabletoupdateTheAdminUser" time="0.0">
    <skipped/>
  </testcase> <!-- verifyUserIsabletoupdateTheAdminUser -->
  <testcase classname="testscripts.LoginTest" name="verifyUserLoginWithValidCredential" time="0.0">
    <skipped/>
  </testcase> <!-- verifyUserLoginWithValidCredential -->
  <testcase classname="testscripts.LoginTest" name="verifyWithInValidUserNameAndInValidPassword" time="0.0">
    <skipped/>
  </testcase> <!-- verifyWithInValidUserNameAndInValidPassword -->
  <testcase classname="testscripts.LoginTest" name="verifyWithInValidUserNameAndInValidPassword" time="0.0">
    <skipped/>
  </testcase> <!-- verifyWithInValidUserNameAndInValidPassword -->
  <testcase classname="testscripts.LoginTest" name="verifyWithInValidUserNameAndInValidPassword" time="0.0">
    <skipped/>
  </testcase> <!-- verifyWithInValidUserNameAndInValidPassword -->
  <testcase classname="testscripts.LoginTest" name="verifyWithInValidUserNameAndInValidPassword" time="0.0">
    <skipped/>
  </testcase> <!-- verifyWithInValidUserNameAndInValidPassword -->
  <testcase classname="testscripts.LoginTest" name="verifyWithInValidUserNameAndValidPassword" time="0.0">
    <skipped/>
  </testcase> <!-- verifyWithInValidUserNameAndValidPassword -->
  <testcase classname="testscripts.LoginTest" name="verifyWithValidUserNameAndInvalidPassword" time="0.0">
    <skipped/>
  </testcase> <!-- verifyWithValidUserNameAndInvalidPassword -->
</testsuite> <!-- Default test -->
